[GIN-debug] [WARNING] Running in "debug" mode. Switch to "release" mode in production.
 - using env:	export GIN_MODE=release
 - using code:	gin.SetMode(gin.ReleaseMode)

[GIN-debug] GET    /metrics                  --> main.main.PrometheusHandler.func8 (3 handlers)
[GIN-debug] GET    /ping                     --> main.main.func2 (7 handlers)
[GIN-debug] GET    /uploads/*filepath        --> github.com/gin-gonic/gin.(*RouterGroup).createStaticHandler.func1 (7 handlers)
[GIN-debug] HEAD   /uploads/*filepath        --> github.com/gin-gonic/gin.(*RouterGroup).createStaticHandler.func1 (7 handlers)
[GIN-debug] POST   /api/v1/auth/register     --> nutrix-backend/internal/user/delivery.(*UserHandler).Register-fm (8 handlers)
[GIN-debug] POST   /api/v1/auth/login        --> nutrix-backend/internal/user/delivery.(*UserHandler).Login-fm (8 handlers)
[GIN-debug] POST   /api/v1/auth/refresh      --> nutrix-backend/internal/user/delivery.(*UserHandler).Refresh-fm (8 handlers)
[GIN-debug] GET    /api/v1/nutrition/foods/search --> nutrix-backend/internal/nutrition/delivery.(*NutritionHandler).SearchFoods-fm (9 handlers)
[GIN-debug] POST   /api/v1/nutrition/foods/upload-image --> nutrix-backend/internal/nutrition/delivery.(*NutritionHandler).UploadFoodImage-fm (9 handlers)
[GIN-debug] POST   /api/v1/nutrition/foods/estimate --> nutrix-backend/internal/nutrition/delivery.(*NutritionHandler).EstimateNutrition-fm (9 handlers)
[GIN-debug] POST   /api/v1/nutrition/foods   --> nutrix-backend/internal/nutrition/delivery.(*NutritionHandler).CreateFood-fm (9 handlers)
[GIN-debug] GET    /api/v1/nutrition/daily-plan --> nutrix-backend/internal/nutrition/delivery.(*NutritionHandler).GetDailyPlan-fm (9 handlers)
[GIN-debug] POST   /api/v1/nutrition/log-meal --> nutrix-backend/internal/nutrition/delivery.(*NutritionHandler).LogMeal-fm (9 handlers)
[GIN-debug] POST   /api/v1/nutrition/log-water --> nutrix-backend/internal/nutrition/delivery.(*NutritionHandler).LogWater-fm (9 handlers)
[GIN-debug] GET    /api/v1/nutrition/search-spoonacular --> nutrix-backend/internal/nutrition/delivery.(*NutritionHandler).SearchSpoonacular-fm (9 handlers)
[GIN-debug] GET    /api/v1/nutrition/search-by-nutrients --> nutrix-backend/internal/nutrition/delivery.(*NutritionHandler).SearchByNutrients-fm (9 handlers)
[GIN-debug] GET    /api/v1/nutrition/search-by-ingredients --> nutrix-backend/internal/nutrition/delivery.(*NutritionHandler).SearchByIngredients-fm (9 handlers)
[GIN-debug] GET    /api/v1/nutrition/analytics/day --> nutrix-backend/internal/nutrition/delivery.(*NutritionHandler).GetDayAnalytics-fm (9 handlers)
[GIN-debug] GET    /api/v1/nutrition/analytics/weekly --> nutrix-backend/internal/nutrition/delivery.(*NutritionHandler).GetWeeklyAnalytics-fm (9 handlers)
[GIN-debug] GET    /api/v1/nutrition/analytics/monthly --> nutrix-backend/internal/nutrition/delivery.(*NutritionHandler).GetMonthlyAnalytics-fm (9 handlers)
[GIN-debug] GET    /api/v1/nutrition/analytics/streak --> nutrix-backend/internal/nutrition/delivery.(*NutritionHandler).GetStreak-fm (9 handlers)
[GIN-debug] PUT    /api/v1/nutrition/logs/:id --> nutrix-backend/internal/nutrition/delivery.(*NutritionHandler).UpdateFoodLog-fm (9 handlers)
[GIN-debug] GET    /api/v1/jobs/:id          --> nutrix-backend/internal/nutrition/delivery.(*NutritionHandler).GetJobStatus-fm (9 handlers)
[GIN-debug] POST   /api/v1/nutrition/recommendations --> nutrix-backend/internal/nutrition/delivery.(*NutritionHandler).GetRecommendations-fm (9 handlers)
[GIN-debug] GET    /api/v1/nutrition/thresholds --> nutrix-backend/internal/nutrition/delivery.(*NutritionHandler).GetThresholds-fm (9 handlers)
[GIN-debug] POST   /api/v1/nutrition/feedback/correction --> nutrix-backend/internal/nutrition/delivery.(*NutritionHandler).SubmitFoodCorrection-fm (9 handlers)
[GIN-debug] POST   /api/v1/nutrition/feedback/acceptance --> nutrix-backend/internal/nutrition/delivery.(*NutritionHandler).SubmitFoodAcceptance-fm (9 handlers)
[GIN-debug] POST   /api/v1/nutrition/feedback/viewed --> nutrix-backend/internal/nutrition/delivery.(*NutritionHandler).SubmitFoodViewed-fm (9 handlers)
[GIN-debug] POST   /api/v1/nutrition/meal/validate --> nutrix-backend/internal/nutrition/delivery.(*NutritionHandler).ValidateMeal-fm (9 handlers)
[GIN-debug] POST   /api/v1/planner/reoptimize --> nutrix-backend/internal/nutrition/delivery.(*NutritionHandler).PlannerReoptimize-fm (9 handlers)
[GIN-debug] POST   /api/v1/planner/explain   --> nutrix-backend/internal/nutrition/delivery.(*NutritionHandler).PlannerExplain-fm (9 handlers)
[GIN-debug] POST   /api/v1/planner/weekly-plan --> nutrix-backend/internal/nutrition/delivery.(*NutritionHandler).GenerateWeeklyPlan-fm (9 handlers)
[GIN-debug] GET    /api/v1/gamification/achievements --> nutrix-backend/internal/nutrition/delivery.(*GamificationHandler).GetAchievements-fm (9 handlers)
[GIN-debug] PUT    /api/v1/users/profile     --> nutrix-backend/internal/user/delivery.(*UserHandler).UpdateProfile-fm (9 handlers)
[GIN-debug] GET    /api/v1/users/profile     --> nutrix-backend/internal/user/delivery.(*UserHandler).GetProfile-fm (9 handlers)
[GIN-debug] GET    /api/v1/users/profile/targets --> nutrix-backend/internal/user/delivery.(*UserHandler).GetTargets-fm (9 handlers)
[GIN-debug] GET    /api/v1/exercises         --> nutrix-backend/internal/workout/delivery.(*WorkoutHandler).GetExercisesByBodyParts-fm (9 handlers)
[GIN-debug] GET    /api/v1/exercises/:id     --> nutrix-backend/internal/workout/delivery.(*WorkoutHandler).GetExerciseByID-fm (9 handlers)
[GIN-debug] POST   /api/v1/workouts/log      --> nutrix-backend/internal/workout/delivery.(*WorkoutHandler).LogWorkout-fm (9 handlers)
