2026/06/18 11:44:05 WARNING: GOOGLE_CLIENT_ID not set. Google Sign-In verification may fail.
2026/06/18 11:44:05 WARNING: ALLOWED_ORIGINS not set. Defaulting to localhost origins.
2026/06/18 11:44:06 [Migrations] Running explicit migration: 001_add_timezone_to_users.sql
2026/06/18 11:44:06 [Migrations] Running explicit migration: 002_create_daily_health_snapshots.sql
2026/06/18 11:44:06 [Migrations] Running explicit migration: 003_create_user_streaks.sql
2026/06/18 11:44:06 [Migrations] Running explicit migration: 004_create_user_achievements.sql
2026/06/18 11:44:06 [Migrations] Running explicit migration: 005_normalize_pho_thin_nutrition.sql
2026/06/18 11:44:07 [Seeder] Food table already has 10261 rows; checking missing slices
2026/06/18 11:44:07 [Seeder] VFA already has 853 rows
2026/06/18 11:44:07 [Seeder] VFA_DISH already has 1250 rows
2026/06/18 11:44:07 [Seeder] USDA already has 8158 rows
2026/06/18 11:44:07 [Seeder] DRIs already has 6 rows
2026/06/18 11:44:07 MET Seeder Success: Upserted 1012 activities
2026/06/18 11:44:07 [Database] Successfully connected to Redis at localhost:6379
2026/06/18 11:44:07 [SRE] KG target: localhost:50051
2026/06/18 11:44:07 [SRE] CV target: localhost:50052
2026/06/18 11:44:07 NutriX Server starting on port :8080
2026/06/18 11:45:23 [workout] Serving 2 local exercises for BodyParts="chest"
2026/06/18 11:45:23 [workout] Serving local exercise detail for ExerciseID="local-chest-push-up"
2026/06/18 11:46:03 [workout] Serving 2 local exercises for BodyParts="chest"
2026/06/18 11:49:15 [workout] Logged 30 min of "Push-up" for user 73036854-a03e-4fd1-bf7e-efab43ebed4a → 183.75 kcal burned
2026/06/18 11:49:15 [Streak Hook] Success: Streak evaluated for user 73036854-a03e-4fd1-bf7e-efab43ebed4a on workout
2026/06/18 11:59:56 [DAILY_PLAN] requestedDate=2026-06-18
2026/06/18 11:59:56 [DAILY_PLAN] queryStart=2026-06-18 00:00:00 +0000 UTC
2026/06/18 11:59:56 [DAILY_PLAN] queryEnd=2026-06-19 00:00:00 +0000 UTC
2026/06/18 11:59:56 [DAILY_PLAN] mealsReturned=1
2026/06/18 11:59:56 [DAILY_PLAN] meal=Tofu pudding consumedDate=2026-06-18 00:00:00 +0000 UTC
2026/06/18 11:59:56 [DAILY_PLAN] requestedDate=2026-06-18
2026/06/18 11:59:56 [DAILY_PLAN] queryStart=2026-06-18 00:00:00 +0000 UTC
2026/06/18 11:59:56 [DAILY_PLAN] queryEnd=2026-06-19 00:00:00 +0000 UTC
2026/06/18 11:59:56 [DAILY_PLAN] requestedDate=2026-06-18
2026/06/18 11:59:56 [DAILY_PLAN] queryStart=2026-06-18 00:00:00 +0000 UTC
2026/06/18 11:59:56 [DAILY_PLAN] queryEnd=2026-06-19 00:00:00 +0000 UTC
2026/06/18 11:59:56 [DAILY_PLAN] mealsReturned=1
2026/06/18 11:59:56 [DAILY_PLAN] meal=Tofu pudding consumedDate=2026-06-18 00:00:00 +0000 UTC
2026/06/18 11:59:56 [DAILY_PLAN] mealsReturned=1
2026/06/18 11:59:56 [DAILY_PLAN] meal=Tofu pudding consumedDate=2026-06-18 00:00:00 +0000 UTC
2026/06/18 11:59:56 [DAILY_PLAN] requestedDate=2026-06-18
2026/06/18 11:59:56 [DAILY_PLAN] queryStart=2026-06-18 00:00:00 +0000 UTC
2026/06/18 11:59:56 [DAILY_PLAN] queryEnd=2026-06-19 00:00:00 +0000 UTC
2026/06/18 11:59:56 [DAILY_PLAN] mealsReturned=1
2026/06/18 11:59:56 [DAILY_PLAN] meal=Tofu pudding consumedDate=2026-06-18 00:00:00 +0000 UTC
2026/06/18 11:59:56 [DAILY_PLAN] requestedDate=2026-06-18
2026/06/18 11:59:56 [DAILY_PLAN] queryStart=2026-06-18 00:00:00 +0000 UTC
2026/06/18 11:59:56 [DAILY_PLAN] queryEnd=2026-06-19 00:00:00 +0000 UTC
2026/06/18 11:59:56 [DAILY_PLAN] requestedDate=2026-06-18
2026/06/18 11:59:56 [DAILY_PLAN] queryStart=2026-06-18 00:00:00 +0000 UTC
2026/06/18 11:59:56 [DAILY_PLAN] queryEnd=2026-06-19 00:00:00 +0000 UTC
2026/06/18 11:59:56 [DAILY_PLAN] mealsReturned=1
2026/06/18 11:59:56 [DAILY_PLAN] meal=Tofu pudding consumedDate=2026-06-18 00:00:00 +0000 UTC
2026/06/18 11:59:56 [DAILY_PLAN] mealsReturned=1
2026/06/18 11:59:56 [DAILY_PLAN] meal=Tofu pudding consumedDate=2026-06-18 00:00:00 +0000 UTC
2026/06/18 12:00:23 [DAILY_PLAN] requestedDate=2026-06-18
2026/06/18 12:00:23 [DAILY_PLAN] requestedDate=2026-06-18
2026/06/18 12:00:23 [DAILY_PLAN] queryStart=2026-06-18 00:00:00 +0000 UTC
2026/06/18 12:00:23 [DAILY_PLAN] queryEnd=2026-06-19 00:00:00 +0000 UTC
2026/06/18 12:00:23 [DAILY_PLAN] queryStart=2026-06-18 00:00:00 +0000 UTC
2026/06/18 12:00:23 [DAILY_PLAN] queryEnd=2026-06-19 00:00:00 +0000 UTC
2026/06/18 12:00:23 [DAILY_PLAN] requestedDate=2026-06-18
2026/06/18 12:00:23 [DAILY_PLAN] queryStart=2026-06-18 00:00:00 +0000 UTC
2026/06/18 12:00:23 [DAILY_PLAN] queryEnd=2026-06-19 00:00:00 +0000 UTC
2026/06/18 12:00:23 [DAILY_PLAN] mealsReturned=1
2026/06/18 12:00:23 [DAILY_PLAN] meal=Tofu pudding consumedDate=2026-06-18 00:00:00 +0000 UTC
2026/06/18 12:00:23 [DAILY_PLAN] mealsReturned=1
2026/06/18 12:00:23 [DAILY_PLAN] meal=Tofu pudding consumedDate=2026-06-18 00:00:00 +0000 UTC
2026/06/18 12:00:23 [DAILY_PLAN] mealsReturned=1
2026/06/18 12:00:23 [DAILY_PLAN] meal=Tofu pudding consumedDate=2026-06-18 00:00:00 +0000 UTC
2026/06/18 12:00:27 [workout] Serving 2 local exercises for BodyParts="chest"
2026/06/18 12:00:28 [workout] Serving local exercise detail for ExerciseID="local-chest-push-up"
2026/06/18 12:00:35 [workout] Serving local exercise detail for ExerciseID="local-chest-bench-press"
2026/06/18 12:01:11 [workout] Serving 2 local exercises for BodyParts="back"
2026/06/18 12:01:12 [workout] Serving 2 local exercises for BodyParts="legs"
2026/06/18 12:01:13 [workout] Serving 2 local exercises for BodyParts="shoulders"
2026/06/18 12:01:15 [workout] Serving 6 local exercises for BodyParts="arms"
2026/06/18 12:01:16 [workout] Serving local exercise detail for ExerciseID="local-chest-push-up"
2026/06/18 12:02:07 [DAILY_PLAN] requestedDate=2026-06-18
2026/06/18 12:02:07 [DAILY_PLAN] queryStart=2026-06-18 00:00:00 +0000 UTC
2026/06/18 12:02:07 [DAILY_PLAN] queryEnd=2026-06-19 00:00:00 +0000 UTC
2026/06/18 12:02:07 [DAILY_PLAN] mealsReturned=1
2026/06/18 12:02:07 [DAILY_PLAN] meal=Tofu pudding consumedDate=2026-06-18 00:00:00 +0000 UTC
2026/06/18 12:02:13 [workout] Serving 2 local exercises for BodyParts="chest"
2026/06/18 12:02:14 [workout] Serving local exercise detail for ExerciseID="local-chest-push-up"
2026/06/18 12:04:04 [DAILY_PLAN] requestedDate=2026-06-18
2026/06/18 12:04:04 [DAILY_PLAN] queryStart=2026-06-18 00:00:00 +0000 UTC
2026/06/18 12:04:04 [DAILY_PLAN] queryEnd=2026-06-19 00:00:00 +0000 UTC
2026/06/18 12:04:04 [DAILY_PLAN] mealsReturned=1
2026/06/18 12:04:04 [DAILY_PLAN] meal=Tofu pudding consumedDate=2026-06-18 00:00:00 +0000 UTC
2026/06/18 12:04:04 [DAILY_PLAN] requestedDate=2026-06-18
2026/06/18 12:04:04 [DAILY_PLAN] queryStart=2026-06-18 00:00:00 +0000 UTC
2026/06/18 12:04:04 [DAILY_PLAN] queryEnd=2026-06-19 00:00:00 +0000 UTC
2026/06/18 12:04:04 [DAILY_PLAN] mealsReturned=1
2026/06/18 12:04:04 [DAILY_PLAN] meal=Tofu pudding consumedDate=2026-06-18 00:00:00 +0000 UTC
2026/06/18 12:04:04 [DAILY_PLAN] requestedDate=2026-06-18
2026/06/18 12:04:04 [DAILY_PLAN] queryStart=2026-06-18 00:00:00 +0000 UTC
2026/06/18 12:04:04 [DAILY_PLAN] queryEnd=2026-06-19 00:00:00 +0000 UTC
2026/06/18 12:04:04 [DAILY_PLAN] mealsReturned=1
2026/06/18 12:04:04 [DAILY_PLAN] meal=Tofu pudding consumedDate=2026-06-18 00:00:00 +0000 UTC
2026/06/18 12:04:04 [DAILY_PLAN] requestedDate=2026-06-18
2026/06/18 12:04:04 [DAILY_PLAN] queryStart=2026-06-18 00:00:00 +0000 UTC
2026/06/18 12:04:04 [DAILY_PLAN] queryEnd=2026-06-19 00:00:00 +0000 UTC
2026/06/18 12:04:04 [DAILY_PLAN] mealsReturned=1
2026/06/18 12:04:04 [DAILY_PLAN] meal=Tofu pudding consumedDate=2026-06-18 00:00:00 +0000 UTC
2026/06/18 12:04:04 [DAILY_PLAN] requestedDate=2026-06-18
2026/06/18 12:04:04 [DAILY_PLAN] queryStart=2026-06-18 00:00:00 +0000 UTC
2026/06/18 12:04:04 [DAILY_PLAN] queryEnd=2026-06-19 00:00:00 +0000 UTC
2026/06/18 12:04:04 [DAILY_PLAN] requestedDate=2026-06-18
2026/06/18 12:04:04 [DAILY_PLAN] queryStart=2026-06-18 00:00:00 +0000 UTC
2026/06/18 12:04:04 [DAILY_PLAN] queryEnd=2026-06-19 00:00:00 +0000 UTC
2026/06/18 12:04:04 [DAILY_PLAN] mealsReturned=1
2026/06/18 12:04:04 [DAILY_PLAN] meal=Tofu pudding consumedDate=2026-06-18 00:00:00 +0000 UTC
2026/06/18 12:04:04 [DAILY_PLAN] mealsReturned=1
2026/06/18 12:04:04 [DAILY_PLAN] meal=Tofu pudding consumedDate=2026-06-18 00:00:00 +0000 UTC
2026/06/18 12:44:12 [DAILY_PLAN] requestedDate=2026-06-18
2026/06/18 12:44:12 [DAILY_PLAN] queryStart=2026-06-18 00:00:00 +0000 UTC
2026/06/18 12:44:12 [DAILY_PLAN] queryEnd=2026-06-19 00:00:00 +0000 UTC
2026/06/18 12:44:12 [DAILY_PLAN] mealsReturned=1
2026/06/18 12:44:12 [DAILY_PLAN] meal=Tofu pudding consumedDate=2026-06-18 00:00:00 +0000 UTC
2026/06/18 12:44:12 [DAILY_PLAN] requestedDate=2026-06-18
2026/06/18 12:44:12 [DAILY_PLAN] queryStart=2026-06-18 00:00:00 +0000 UTC
2026/06/18 12:44:12 [DAILY_PLAN] queryEnd=2026-06-19 00:00:00 +0000 UTC
2026/06/18 12:44:12 [DAILY_PLAN] mealsReturned=1
2026/06/18 12:44:12 [DAILY_PLAN] meal=Tofu pudding consumedDate=2026-06-18 00:00:00 +0000 UTC
2026/06/18 12:44:24 [DAILY_PLAN] requestedDate=2026-06-18
2026/06/18 12:44:24 [DAILY_PLAN] queryStart=2026-06-18 00:00:00 +0000 UTC
2026/06/18 12:44:24 [DAILY_PLAN] queryEnd=2026-06-19 00:00:00 +0000 UTC
2026/06/18 12:44:24 [DAILY_PLAN] mealsReturned=1
2026/06/18 12:44:24 [DAILY_PLAN] meal=Tofu pudding consumedDate=2026-06-18 00:00:00 +0000 UTC
2026/06/18 12:44:24 [DAILY_PLAN] requestedDate=2026-06-18
2026/06/18 12:44:24 [DAILY_PLAN] queryStart=2026-06-18 00:00:00 +0000 UTC
2026/06/18 12:44:24 [DAILY_PLAN] queryEnd=2026-06-19 00:00:00 +0000 UTC
2026/06/18 12:44:24 [DAILY_PLAN] mealsReturned=1
2026/06/18 12:44:24 [DAILY_PLAN] meal=Tofu pudding consumedDate=2026-06-18 00:00:00 +0000 UTC
2026/06/18 12:44:24 [DAILY_PLAN] requestedDate=2026-06-18
2026/06/18 12:44:24 [DAILY_PLAN] queryStart=2026-06-18 00:00:00 +0000 UTC
2026/06/18 12:44:24 [DAILY_PLAN] queryEnd=2026-06-19 00:00:00 +0000 UTC
2026/06/18 12:44:24 [DAILY_PLAN] mealsReturned=1
2026/06/18 12:44:24 [DAILY_PLAN] meal=Tofu pudding consumedDate=2026-06-18 00:00:00 +0000 UTC
2026/06/18 12:44:39 [DAILY_PLAN] requestedDate=2026-06-18
2026/06/18 12:44:39 [DAILY_PLAN] queryStart=2026-06-18 00:00:00 +0000 UTC
2026/06/18 12:44:39 [DAILY_PLAN] queryEnd=2026-06-19 00:00:00 +0000 UTC
2026/06/18 12:44:39 [DAILY_PLAN] mealsReturned=1
2026/06/18 12:44:39 [DAILY_PLAN] meal=Tofu pudding consumedDate=2026-06-18 00:00:00 +0000 UTC
2026/06/18 12:44:40 [DAILY_PLAN] requestedDate=2026-06-18
2026/06/18 12:44:40 [DAILY_PLAN] queryStart=2026-06-18 00:00:00 +0000 UTC
2026/06/18 12:44:40 [DAILY_PLAN] queryEnd=2026-06-19 00:00:00 +0000 UTC
2026/06/18 12:44:40 [DAILY_PLAN] mealsReturned=1
2026/06/18 12:44:40 [DAILY_PLAN] meal=Tofu pudding consumedDate=2026-06-18 00:00:00 +0000 UTC
2026/06/18 12:44:48 [DAILY_PLAN] requestedDate=2026-06-18
2026/06/18 12:44:48 [DAILY_PLAN] queryStart=2026-06-18 00:00:00 +0000 UTC
2026/06/18 12:44:48 [DAILY_PLAN] queryEnd=2026-06-19 00:00:00 +0000 UTC
2026/06/18 12:44:48 [DAILY_PLAN] mealsReturned=1
2026/06/18 12:44:48 [DAILY_PLAN] meal=Tofu pudding consumedDate=2026-06-18 00:00:00 +0000 UTC
2026/06/18 12:44:48 [DAILY_PLAN] requestedDate=2026-06-18
2026/06/18 12:44:48 [DAILY_PLAN] queryStart=2026-06-18 00:00:00 +0000 UTC
2026/06/18 12:44:48 [DAILY_PLAN] queryEnd=2026-06-19 00:00:00 +0000 UTC
2026/06/18 12:44:48 [DAILY_PLAN] mealsReturned=1
2026/06/18 12:44:48 [DAILY_PLAN] meal=Tofu pudding consumedDate=2026-06-18 00:00:00 +0000 UTC
2026/06/18 13:01:00 [DAILY_PLAN] requestedDate=2026-06-18
2026/06/18 13:01:00 [DAILY_PLAN] queryStart=2026-06-18 00:00:00 +0000 UTC
2026/06/18 13:01:00 [DAILY_PLAN] queryEnd=2026-06-19 00:00:00 +0000 UTC
2026/06/18 13:01:00 [DAILY_PLAN] mealsReturned=1
2026/06/18 13:01:00 [DAILY_PLAN] meal=Tofu pudding consumedDate=2026-06-18 00:00:00 +0000 UTC
2026/06/18 13:01:00 [DAILY_PLAN] requestedDate=2026-06-18
2026/06/18 13:01:00 [DAILY_PLAN] queryStart=2026-06-18 00:00:00 +0000 UTC
2026/06/18 13:01:00 [DAILY_PLAN] queryEnd=2026-06-19 00:00:00 +0000 UTC
2026/06/18 13:01:00 [DAILY_PLAN] mealsReturned=1
2026/06/18 13:01:00 [DAILY_PLAN] meal=Tofu pudding consumedDate=2026-06-18 00:00:00 +0000 UTC
2026/06/18 13:01:00 [DAILY_PLAN] requestedDate=2026-06-18
2026/06/18 13:01:00 [DAILY_PLAN] queryStart=2026-06-18 00:00:00 +0000 UTC
2026/06/18 13:01:00 [DAILY_PLAN] queryEnd=2026-06-19 00:00:00 +0000 UTC
2026/06/18 13:01:00 [DAILY_PLAN] mealsReturned=1
2026/06/18 13:01:00 [DAILY_PLAN] meal=Tofu pudding consumedDate=2026-06-18 00:00:00 +0000 UTC
2026/06/18 13:01:00 [DAILY_PLAN] requestedDate=2026-06-18
2026/06/18 13:01:00 [DAILY_PLAN] queryStart=2026-06-18 00:00:00 +0000 UTC
2026/06/18 13:01:00 [DAILY_PLAN] queryEnd=2026-06-19 00:00:00 +0000 UTC
2026/06/18 13:01:00 [DAILY_PLAN] mealsReturned=1
2026/06/18 13:01:00 [DAILY_PLAN] meal=Tofu pudding consumedDate=2026-06-18 00:00:00 +0000 UTC
2026/06/18 13:01:00 [DAILY_PLAN] requestedDate=2026-06-18
2026/06/18 13:01:00 [DAILY_PLAN] queryStart=2026-06-18 00:00:00 +0000 UTC
2026/06/18 13:01:00 [DAILY_PLAN] queryEnd=2026-06-19 00:00:00 +0000 UTC
2026/06/18 13:01:00 [DAILY_PLAN] requestedDate=2026-06-18
2026/06/18 13:01:00 [DAILY_PLAN] queryStart=2026-06-18 00:00:00 +0000 UTC
2026/06/18 13:01:00 [DAILY_PLAN] queryEnd=2026-06-19 00:00:00 +0000 UTC
2026/06/18 13:01:00 [DAILY_PLAN] mealsReturned=1
2026/06/18 13:01:00 [DAILY_PLAN] meal=Tofu pudding consumedDate=2026-06-18 00:00:00 +0000 UTC
2026/06/18 13:01:00 [DAILY_PLAN] mealsReturned=1
2026/06/18 13:01:00 [DAILY_PLAN] meal=Tofu pudding consumedDate=2026-06-18 00:00:00 +0000 UTC
2026/06/18 13:01:31 [DAILY_PLAN] requestedDate=2026-06-18
2026/06/18 13:01:31 [DAILY_PLAN] queryStart=2026-06-18 00:00:00 +0000 UTC
2026/06/18 13:01:31 [DAILY_PLAN] queryEnd=2026-06-19 00:00:00 +0000 UTC
2026/06/18 13:01:31 [DAILY_PLAN] mealsReturned=1
2026/06/18 13:01:31 [DAILY_PLAN] meal=Tofu pudding consumedDate=2026-06-18 00:00:00 +0000 UTC
2026/06/18 13:01:31 [DAILY_PLAN] requestedDate=2026-06-18
2026/06/18 13:01:31 [DAILY_PLAN] queryStart=2026-06-18 00:00:00 +0000 UTC
2026/06/18 13:01:31 [DAILY_PLAN] queryEnd=2026-06-19 00:00:00 +0000 UTC
2026/06/18 13:01:31 [DAILY_PLAN] mealsReturned=1
2026/06/18 13:01:31 [DAILY_PLAN] meal=Tofu pudding consumedDate=2026-06-18 00:00:00 +0000 UTC
2026/06/18 13:01:40 [DAILY_PLAN] requestedDate=2026-06-18
2026/06/18 13:01:40 [DAILY_PLAN] queryStart=2026-06-18 00:00:00 +0000 UTC
2026/06/18 13:01:40 [DAILY_PLAN] queryEnd=2026-06-19 00:00:00 +0000 UTC
2026/06/18 13:01:40 [DAILY_PLAN] mealsReturned=1
2026/06/18 13:01:40 [DAILY_PLAN] meal=Tofu pudding consumedDate=2026-06-18 00:00:00 +0000 UTC
2026/06/18 13:01:40 [DAILY_PLAN] requestedDate=2026-06-18
2026/06/18 13:01:40 [DAILY_PLAN] queryStart=2026-06-18 00:00:00 +0000 UTC
2026/06/18 13:01:40 [DAILY_PLAN] queryEnd=2026-06-19 00:00:00 +0000 UTC
2026/06/18 13:01:40 [DAILY_PLAN] mealsReturned=1
2026/06/18 13:01:40 [DAILY_PLAN] meal=Tofu pudding consumedDate=2026-06-18 00:00:00 +0000 UTC
2026/06/18 13:01:49 [DAILY_PLAN] requestedDate=2026-06-18
2026/06/18 13:01:49 [DAILY_PLAN] queryStart=2026-06-18 00:00:00 +0000 UTC
2026/06/18 13:01:49 [DAILY_PLAN] queryEnd=2026-06-19 00:00:00 +0000 UTC
2026/06/18 13:01:49 [DAILY_PLAN] mealsReturned=1
2026/06/18 13:01:49 [DAILY_PLAN] meal=Tofu pudding consumedDate=2026-06-18 00:00:00 +0000 UTC
2026/06/18 13:01:49 [DAILY_PLAN] requestedDate=2026-06-18
2026/06/18 13:01:49 [DAILY_PLAN] queryStart=2026-06-18 00:00:00 +0000 UTC
2026/06/18 13:01:49 [DAILY_PLAN] queryEnd=2026-06-19 00:00:00 +0000 UTC
2026/06/18 13:01:49 [DAILY_PLAN] mealsReturned=1
2026/06/18 13:01:49 [DAILY_PLAN] meal=Tofu pudding consumedDate=2026-06-18 00:00:00 +0000 UTC
2026/06/18 13:02:04 [DAILY_PLAN] requestedDate=2026-06-18
2026/06/18 13:02:04 [DAILY_PLAN] queryStart=2026-06-18 00:00:00 +0000 UTC
2026/06/18 13:02:04 [DAILY_PLAN] queryEnd=2026-06-19 00:00:00 +0000 UTC
2026/06/18 13:02:04 [DAILY_PLAN] mealsReturned=1
2026/06/18 13:02:04 [DAILY_PLAN] meal=Tofu pudding consumedDate=2026-06-18 00:00:00 +0000 UTC
2026/06/18 13:02:04 [DAILY_PLAN] requestedDate=2026-06-18
2026/06/18 13:02:04 [DAILY_PLAN] queryStart=2026-06-18 00:00:00 +0000 UTC
2026/06/18 13:02:04 [DAILY_PLAN] queryEnd=2026-06-19 00:00:00 +0000 UTC
2026/06/18 13:02:04 [DAILY_PLAN] mealsReturned=1
2026/06/18 13:02:04 [DAILY_PLAN] meal=Tofu pudding consumedDate=2026-06-18 00:00:00 +0000 UTC
2026/06/18 13:02:15 [DAILY_PLAN] requestedDate=2026-06-18
2026/06/18 13:02:15 [DAILY_PLAN] queryStart=2026-06-18 00:00:00 +0000 UTC
2026/06/18 13:02:15 [DAILY_PLAN] queryEnd=2026-06-19 00:00:00 +0000 UTC
2026/06/18 13:02:16 [DAILY_PLAN] mealsReturned=1
2026/06/18 13:02:16 [DAILY_PLAN] meal=Tofu pudding consumedDate=2026-06-18 00:00:00 +0000 UTC
2026/06/18 13:02:16 [DAILY_PLAN] requestedDate=2026-06-18
2026/06/18 13:02:16 [DAILY_PLAN] queryStart=2026-06-18 00:00:00 +0000 UTC
2026/06/18 13:02:16 [DAILY_PLAN] queryEnd=2026-06-19 00:00:00 +0000 UTC
2026/06/18 13:02:16 [DAILY_PLAN] mealsReturned=1
2026/06/18 13:02:16 [DAILY_PLAN] meal=Tofu pudding consumedDate=2026-06-18 00:00:00 +0000 UTC
2026/06/18 13:02:21 [DAILY_PLAN] requestedDate=2026-06-18
2026/06/18 13:02:21 [DAILY_PLAN] queryStart=2026-06-18 00:00:00 +0000 UTC
2026/06/18 13:02:21 [DAILY_PLAN] queryEnd=2026-06-19 00:00:00 +0000 UTC
2026/06/18 13:02:21 [DAILY_PLAN] mealsReturned=1
2026/06/18 13:02:21 [DAILY_PLAN] meal=Tofu pudding consumedDate=2026-06-18 00:00:00 +0000 UTC
2026/06/18 13:02:21 [DAILY_PLAN] requestedDate=2026-06-18
2026/06/18 13:02:21 [DAILY_PLAN] queryStart=2026-06-18 00:00:00 +0000 UTC
2026/06/18 13:02:21 [DAILY_PLAN] queryEnd=2026-06-19 00:00:00 +0000 UTC
2026/06/18 13:02:21 [DAILY_PLAN] mealsReturned=1
2026/06/18 13:02:21 [DAILY_PLAN] meal=Tofu pudding consumedDate=2026-06-18 00:00:00 +0000 UTC
2026/06/18 13:02:31 [DAILY_PLAN] requestedDate=2026-06-18
2026/06/18 13:02:31 [DAILY_PLAN] queryStart=2026-06-18 00:00:00 +0000 UTC
2026/06/18 13:02:31 [DAILY_PLAN] queryEnd=2026-06-19 00:00:00 +0000 UTC
2026/06/18 13:02:31 [DAILY_PLAN] mealsReturned=1
2026/06/18 13:02:31 [DAILY_PLAN] meal=Tofu pudding consumedDate=2026-06-18 00:00:00 +0000 UTC
2026/06/18 13:02:38 [DAILY_PLAN] requestedDate=2026-06-18
2026/06/18 13:02:38 [DAILY_PLAN] queryStart=2026-06-18 00:00:00 +0000 UTC
2026/06/18 13:02:38 [DAILY_PLAN] queryEnd=2026-06-19 00:00:00 +0000 UTC
2026/06/18 13:02:38 [DAILY_PLAN] mealsReturned=1
2026/06/18 13:02:38 [DAILY_PLAN] meal=Tofu pudding consumedDate=2026-06-18 00:00:00 +0000 UTC
2026/06/18 13:02:43 [DAILY_PLAN] requestedDate=2026-06-18
2026/06/18 13:02:43 [DAILY_PLAN] queryStart=2026-06-18 00:00:00 +0000 UTC
2026/06/18 13:02:43 [DAILY_PLAN] queryEnd=2026-06-19 00:00:00 +0000 UTC
2026/06/18 13:02:43 [DAILY_PLAN] mealsReturned=1
2026/06/18 13:02:43 [DAILY_PLAN] meal=Tofu pudding consumedDate=2026-06-18 00:00:00 +0000 UTC
2026/06/18 13:02:54 [DAILY_PLAN] requestedDate=2026-06-18
2026/06/18 13:02:54 [DAILY_PLAN] queryStart=2026-06-18 00:00:00 +0000 UTC
2026/06/18 13:02:54 [DAILY_PLAN] queryEnd=2026-06-19 00:00:00 +0000 UTC
2026/06/18 13:02:54 [DAILY_PLAN] mealsReturned=1
2026/06/18 13:02:54 [DAILY_PLAN] meal=Tofu pudding consumedDate=2026-06-18 00:00:00 +0000 UTC
2026/06/18 13:02:57 [DAILY_PLAN] requestedDate=2026-06-18
2026/06/18 13:02:57 [DAILY_PLAN] queryStart=2026-06-18 00:00:00 +0000 UTC
2026/06/18 13:02:57 [DAILY_PLAN] queryEnd=2026-06-19 00:00:00 +0000 UTC
2026/06/18 13:02:57 [DAILY_PLAN] mealsReturned=1
2026/06/18 13:02:57 [DAILY_PLAN] meal=Tofu pudding consumedDate=2026-06-18 00:00:00 +0000 UTC
2026/06/18 13:03:02 [DAILY_PLAN] requestedDate=2026-06-18
2026/06/18 13:03:02 [DAILY_PLAN] queryStart=2026-06-18 00:00:00 +0000 UTC
2026/06/18 13:03:02 [DAILY_PLAN] queryEnd=2026-06-19 00:00:00 +0000 UTC
2026/06/18 13:03:02 [DAILY_PLAN] mealsReturned=1
2026/06/18 13:03:02 [DAILY_PLAN] meal=Tofu pudding consumedDate=2026-06-18 00:00:00 +0000 UTC
2026/06/18 13:03:02 [DAILY_PLAN] requestedDate=2026-06-18
2026/06/18 13:03:02 [DAILY_PLAN] queryStart=2026-06-18 00:00:00 +0000 UTC
2026/06/18 13:03:02 [DAILY_PLAN] queryEnd=2026-06-19 00:00:00 +0000 UTC
2026/06/18 13:03:02 [DAILY_PLAN] mealsReturned=1
2026/06/18 13:03:02 [DAILY_PLAN] meal=Tofu pudding consumedDate=2026-06-18 00:00:00 +0000 UTC
2026/06/18 13:03:43 [DAILY_PLAN] requestedDate=2026-06-18
2026/06/18 13:03:43 [DAILY_PLAN] queryStart=2026-06-18 00:00:00 +0000 UTC
2026/06/18 13:03:43 [DAILY_PLAN] queryEnd=2026-06-19 00:00:00 +0000 UTC
2026/06/18 13:03:43 [DAILY_PLAN] mealsReturned=1
2026/06/18 13:03:43 [DAILY_PLAN] meal=Tofu pudding consumedDate=2026-06-18 00:00:00 +0000 UTC
2026/06/18 13:03:43 [DAILY_PLAN] requestedDate=2026-06-18
2026/06/18 13:03:43 [DAILY_PLAN] queryStart=2026-06-18 00:00:00 +0000 UTC
2026/06/18 13:03:43 [DAILY_PLAN] queryEnd=2026-06-19 00:00:00 +0000 UTC
2026/06/18 13:03:43 [DAILY_PLAN] mealsReturned=1
2026/06/18 13:03:43 [DAILY_PLAN] meal=Tofu pudding consumedDate=2026-06-18 00:00:00 +0000 UTC
2026/06/18 13:24:27 [DAILY_PLAN] requestedDate=2026-06-18
2026/06/18 13:24:27 [DAILY_PLAN] queryStart=2026-06-18 00:00:00 +0000 UTC
2026/06/18 13:24:27 [DAILY_PLAN] queryEnd=2026-06-19 00:00:00 +0000 UTC
2026/06/18 13:24:27 [DAILY_PLAN] mealsReturned=1
2026/06/18 13:24:27 [DAILY_PLAN] meal=Tofu pudding consumedDate=2026-06-18 00:00:00 +0000 UTC
2026/06/18 13:24:27 [DAILY_PLAN] requestedDate=2026-06-18
2026/06/18 13:24:27 [DAILY_PLAN] queryStart=2026-06-18 00:00:00 +0000 UTC
2026/06/18 13:24:27 [DAILY_PLAN] queryEnd=2026-06-19 00:00:00 +0000 UTC
2026/06/18 13:24:27 [DAILY_PLAN] requestedDate=2026-06-18
2026/06/18 13:24:27 [DAILY_PLAN] queryStart=2026-06-18 00:00:00 +0000 UTC
2026/06/18 13:24:27 [DAILY_PLAN] queryEnd=2026-06-19 00:00:00 +0000 UTC
2026/06/18 13:24:27 [DAILY_PLAN] mealsReturned=1
2026/06/18 13:24:27 [DAILY_PLAN] meal=Tofu pudding consumedDate=2026-06-18 00:00:00 +0000 UTC
2026/06/18 13:24:27 [DAILY_PLAN] mealsReturned=1
2026/06/18 13:24:27 [DAILY_PLAN] meal=Tofu pudding consumedDate=2026-06-18 00:00:00 +0000 UTC
2026/06/18 13:24:27 [DAILY_PLAN] requestedDate=2026-06-18
2026/06/18 13:24:27 [DAILY_PLAN] queryStart=2026-06-18 00:00:00 +0000 UTC
2026/06/18 13:24:27 [DAILY_PLAN] queryEnd=2026-06-19 00:00:00 +0000 UTC
2026/06/18 13:24:27 [DAILY_PLAN] requestedDate=2026-06-18
2026/06/18 13:24:27 [DAILY_PLAN] queryStart=2026-06-18 00:00:00 +0000 UTC
2026/06/18 13:24:27 [DAILY_PLAN] queryEnd=2026-06-19 00:00:00 +0000 UTC
2026/06/18 13:24:27 [DAILY_PLAN] requestedDate=2026-06-18
2026/06/18 13:24:27 [DAILY_PLAN] queryStart=2026-06-18 00:00:00 +0000 UTC
2026/06/18 13:24:27 [DAILY_PLAN] queryEnd=2026-06-19 00:00:00 +0000 UTC
2026/06/18 13:24:27 [DAILY_PLAN] mealsReturned=1
2026/06/18 13:24:27 [DAILY_PLAN] meal=Tofu pudding consumedDate=2026-06-18 00:00:00 +0000 UTC
2026/06/18 13:24:27 [DAILY_PLAN] mealsReturned=1
2026/06/18 13:24:27 [DAILY_PLAN] meal=Tofu pudding consumedDate=2026-06-18 00:00:00 +0000 UTC
2026/06/18 13:24:27 [DAILY_PLAN] mealsReturned=1
2026/06/18 13:24:27 [DAILY_PLAN] meal=Tofu pudding consumedDate=2026-06-18 00:00:00 +0000 UTC
2026/06/18 13:25:33 [DAILY_PLAN] requestedDate=2026-06-18
2026/06/18 13:25:33 [DAILY_PLAN] queryStart=2026-06-18 00:00:00 +0000 UTC
2026/06/18 13:25:33 [DAILY_PLAN] queryEnd=2026-06-19 00:00:00 +0000 UTC
2026/06/18 13:25:33 [DAILY_PLAN] mealsReturned=1
2026/06/18 13:25:33 [DAILY_PLAN] meal=Tofu pudding consumedDate=2026-06-18 00:00:00 +0000 UTC
2026/06/18 13:25:33 [DAILY_PLAN] requestedDate=2026-06-18
2026/06/18 13:25:33 [DAILY_PLAN] queryStart=2026-06-18 00:00:00 +0000 UTC
2026/06/18 13:25:33 [DAILY_PLAN] queryEnd=2026-06-19 00:00:00 +0000 UTC
2026/06/18 13:25:33 [DAILY_PLAN] mealsReturned=1
2026/06/18 13:25:33 [DAILY_PLAN] meal=Tofu pudding consumedDate=2026-06-18 00:00:00 +0000 UTC
2026/06/18 13:25:52 [DAILY_PLAN] requestedDate=2026-06-18
2026/06/18 13:25:52 [DAILY_PLAN] queryStart=2026-06-18 00:00:00 +0000 UTC
2026/06/18 13:25:52 [DAILY_PLAN] queryEnd=2026-06-19 00:00:00 +0000 UTC
2026/06/18 13:25:52 [DAILY_PLAN] mealsReturned=1
2026/06/18 13:25:52 [DAILY_PLAN] meal=Tofu pudding consumedDate=2026-06-18 00:00:00 +0000 UTC
2026/06/18 13:25:52 [DAILY_PLAN] requestedDate=2026-06-18
2026/06/18 13:25:52 [DAILY_PLAN] queryStart=2026-06-18 00:00:00 +0000 UTC
2026/06/18 13:25:52 [DAILY_PLAN] queryEnd=2026-06-19 00:00:00 +0000 UTC
2026/06/18 13:25:52 [DAILY_PLAN] mealsReturned=1
2026/06/18 13:25:52 [DAILY_PLAN] meal=Tofu pudding consumedDate=2026-06-18 00:00:00 +0000 UTC
2026/06/18 13:25:54 [DAILY_PLAN] requestedDate=2026-06-18
2026/06/18 13:25:54 [DAILY_PLAN] queryStart=2026-06-18 00:00:00 +0000 UTC
2026/06/18 13:25:54 [DAILY_PLAN] queryEnd=2026-06-19 00:00:00 +0000 UTC
2026/06/18 13:25:54 [DAILY_PLAN] mealsReturned=1
2026/06/18 13:25:54 [DAILY_PLAN] meal=Tofu pudding consumedDate=2026-06-18 00:00:00 +0000 UTC
2026/06/18 13:26:00 [DAILY_PLAN] requestedDate=2026-06-18
2026/06/18 13:26:00 [DAILY_PLAN] queryStart=2026-06-18 00:00:00 +0000 UTC
2026/06/18 13:26:00 [DAILY_PLAN] queryEnd=2026-06-19 00:00:00 +0000 UTC
2026/06/18 13:26:00 [DAILY_PLAN] mealsReturned=1
2026/06/18 13:26:00 [DAILY_PLAN] meal=Tofu pudding consumedDate=2026-06-18 00:00:00 +0000 UTC
2026/06/18 13:26:00 [DAILY_PLAN] requestedDate=2026-06-18
2026/06/18 13:26:00 [DAILY_PLAN] queryStart=2026-06-18 00:00:00 +0000 UTC
2026/06/18 13:26:00 [DAILY_PLAN] queryEnd=2026-06-19 00:00:00 +0000 UTC
2026/06/18 13:26:00 [DAILY_PLAN] mealsReturned=1
2026/06/18 13:26:00 [DAILY_PLAN] meal=Tofu pudding consumedDate=2026-06-18 00:00:00 +0000 UTC
2026/06/18 13:26:04 [DAILY_PLAN] requestedDate=2026-06-18
2026/06/18 13:26:04 [DAILY_PLAN] queryStart=2026-06-18 00:00:00 +0000 UTC
2026/06/18 13:26:04 [DAILY_PLAN] queryEnd=2026-06-19 00:00:00 +0000 UTC
2026/06/18 13:26:04 [DAILY_PLAN] mealsReturned=1
2026/06/18 13:26:04 [DAILY_PLAN] meal=Tofu pudding consumedDate=2026-06-18 00:00:00 +0000 UTC
2026/06/18 13:26:04 [DAILY_PLAN] requestedDate=2026-06-18
2026/06/18 13:26:04 [DAILY_PLAN] queryStart=2026-06-18 00:00:00 +0000 UTC
2026/06/18 13:26:04 [DAILY_PLAN] queryEnd=2026-06-19 00:00:00 +0000 UTC
2026/06/18 13:26:04 [DAILY_PLAN] mealsReturned=1
2026/06/18 13:26:04 [DAILY_PLAN] meal=Tofu pudding consumedDate=2026-06-18 00:00:00 +0000 UTC
2026/06/18 13:27:41 [DAILY_PLAN] requestedDate=2026-06-18
2026/06/18 13:27:41 [DAILY_PLAN] queryStart=2026-06-18 00:00:00 +0000 UTC
2026/06/18 13:27:41 [DAILY_PLAN] queryEnd=2026-06-19 00:00:00 +0000 UTC
2026/06/18 13:27:41 [DAILY_PLAN] mealsReturned=1
2026/06/18 13:27:41 [DAILY_PLAN] meal=Tofu pudding consumedDate=2026-06-18 00:00:00 +0000 UTC
2026/06/18 13:27:50 [DAILY_PLAN] requestedDate=2026-06-18
2026/06/18 13:27:50 [DAILY_PLAN] queryStart=2026-06-18 00:00:00 +0000 UTC
2026/06/18 13:27:50 [DAILY_PLAN] queryEnd=2026-06-19 00:00:00 +0000 UTC
2026/06/18 13:27:50 [DAILY_PLAN] mealsReturned=1
2026/06/18 13:27:50 [DAILY_PLAN] meal=Tofu pudding consumedDate=2026-06-18 00:00:00 +0000 UTC
2026/06/18 13:28:38 [DAILY_PLAN] requestedDate=2026-06-18
2026/06/18 13:28:38 [DAILY_PLAN] queryStart=2026-06-18 00:00:00 +0000 UTC
2026/06/18 13:28:38 [DAILY_PLAN] queryEnd=2026-06-19 00:00:00 +0000 UTC
2026/06/18 13:28:38 [DAILY_PLAN] mealsReturned=1
2026/06/18 13:28:38 [DAILY_PLAN] meal=Tofu pudding consumedDate=2026-06-18 00:00:00 +0000 UTC
2026/06/18 13:46:03 [DAILY_PLAN] requestedDate=2026-06-18
2026/06/18 13:46:03 [DAILY_PLAN] queryStart=2026-06-18 00:00:00 +0000 UTC
2026/06/18 13:46:03 [DAILY_PLAN] queryEnd=2026-06-19 00:00:00 +0000 UTC
2026/06/18 13:46:03 [DAILY_PLAN] mealsReturned=1
2026/06/18 13:46:03 [DAILY_PLAN] meal=Tofu pudding consumedDate=2026-06-18 00:00:00 +0000 UTC
2026/06/18 13:46:12 [DAILY_PLAN] requestedDate=2026-06-18
2026/06/18 13:46:12 [DAILY_PLAN] queryStart=2026-06-18 00:00:00 +0000 UTC
2026/06/18 13:46:12 [DAILY_PLAN] queryEnd=2026-06-19 00:00:00 +0000 UTC
2026/06/18 13:46:12 [DAILY_PLAN] mealsReturned=1
2026/06/18 13:46:12 [DAILY_PLAN] meal=Tofu pudding consumedDate=2026-06-18 00:00:00 +0000 UTC
2026/06/18 13:46:53 [DAILY_PLAN] requestedDate=2026-06-18
2026/06/18 13:46:53 [DAILY_PLAN] queryStart=2026-06-18 00:00:00 +0000 UTC
2026/06/18 13:46:53 [DAILY_PLAN] queryEnd=2026-06-19 00:00:00 +0000 UTC
2026/06/18 13:46:53 [DAILY_PLAN] mealsReturned=1
2026/06/18 13:46:53 [DAILY_PLAN] meal=Tofu pudding consumedDate=2026-06-18 00:00:00 +0000 UTC
2026/06/18 13:47:03 [DAILY_PLAN] requestedDate=2026-06-18
2026/06/18 13:47:03 [DAILY_PLAN] queryStart=2026-06-18 00:00:00 +0000 UTC
2026/06/18 13:47:03 [DAILY_PLAN] queryEnd=2026-06-19 00:00:00 +0000 UTC
2026/06/18 13:47:03 [DAILY_PLAN] mealsReturned=1
2026/06/18 13:47:03 [DAILY_PLAN] meal=Tofu pudding consumedDate=2026-06-18 00:00:00 +0000 UTC
2026/06/18 13:47:08 [DAILY_PLAN] requestedDate=2026-06-18
2026/06/18 13:47:08 [DAILY_PLAN] queryStart=2026-06-18 00:00:00 +0000 UTC
2026/06/18 13:47:08 [DAILY_PLAN] queryEnd=2026-06-19 00:00:00 +0000 UTC
2026/06/18 13:47:08 [DAILY_PLAN] mealsReturned=1
2026/06/18 13:47:08 [DAILY_PLAN] meal=Tofu pudding consumedDate=2026-06-18 00:00:00 +0000 UTC
2026/06/18 13:47:32 [DAILY_PLAN] requestedDate=2026-06-18
2026/06/18 13:47:32 [DAILY_PLAN] queryStart=2026-06-18 00:00:00 +0000 UTC
2026/06/18 13:47:32 [DAILY_PLAN] queryEnd=2026-06-19 00:00:00 +0000 UTC
2026/06/18 13:47:32 [DAILY_PLAN] mealsReturned=1
2026/06/18 13:47:32 [DAILY_PLAN] meal=Tofu pudding consumedDate=2026-06-18 00:00:00 +0000 UTC
2026/06/18 13:48:01 [DAILY_PLAN] requestedDate=2026-06-18
2026/06/18 13:48:01 [DAILY_PLAN] queryStart=2026-06-18 00:00:00 +0000 UTC
2026/06/18 13:48:01 [DAILY_PLAN] queryEnd=2026-06-19 00:00:00 +0000 UTC
2026/06/18 13:48:01 [DAILY_PLAN] mealsReturned=1
2026/06/18 13:48:01 [DAILY_PLAN] meal=Tofu pudding consumedDate=2026-06-18 00:00:00 +0000 UTC
2026/06/18 13:48:28 [DAILY_PLAN] requestedDate=2026-06-18
2026/06/18 13:48:28 [DAILY_PLAN] queryStart=2026-06-18 00:00:00 +0000 UTC
2026/06/18 13:48:28 [DAILY_PLAN] queryEnd=2026-06-19 00:00:00 +0000 UTC
2026/06/18 13:48:28 [DAILY_PLAN] mealsReturned=1
2026/06/18 13:48:28 [DAILY_PLAN] meal=Tofu pudding consumedDate=2026-06-18 00:00:00 +0000 UTC
2026/06/18 13:50:00 [DAILY_PLAN] requestedDate=2026-06-18
2026/06/18 13:50:00 [DAILY_PLAN] queryStart=2026-06-18 00:00:00 +0000 UTC
2026/06/18 13:50:00 [DAILY_PLAN] queryEnd=2026-06-19 00:00:00 +0000 UTC
2026/06/18 13:50:00 [DAILY_PLAN] mealsReturned=1
2026/06/18 13:50:00 [DAILY_PLAN] meal=Tofu pudding consumedDate=2026-06-18 00:00:00 +0000 UTC
2026/06/18 13:51:23 [DAILY_PLAN] requestedDate=2026-06-18
2026/06/18 13:51:23 [DAILY_PLAN] queryStart=2026-06-18 00:00:00 +0000 UTC
2026/06/18 13:51:23 [DAILY_PLAN] queryEnd=2026-06-19 00:00:00 +0000 UTC
2026/06/18 13:51:23 [DAILY_PLAN] mealsReturned=1
2026/06/18 13:51:23 [DAILY_PLAN] meal=Tofu pudding consumedDate=2026-06-18 00:00:00 +0000 UTC
2026/06/18 13:57:37 [DAILY_PLAN] requestedDate=2026-06-18
2026/06/18 13:57:37 [DAILY_PLAN] queryStart=2026-06-18 00:00:00 +0000 UTC
2026/06/18 13:57:37 [DAILY_PLAN] queryEnd=2026-06-19 00:00:00 +0000 UTC
2026/06/18 13:57:37 [DAILY_PLAN] mealsReturned=1
2026/06/18 13:57:37 [DAILY_PLAN] meal=Tofu pudding consumedDate=2026-06-18 00:00:00 +0000 UTC
2026/06/18 13:57:44 [DAILY_PLAN] requestedDate=2026-06-18
2026/06/18 13:57:44 [DAILY_PLAN] queryStart=2026-06-18 00:00:00 +0000 UTC
2026/06/18 13:57:44 [DAILY_PLAN] queryEnd=2026-06-19 00:00:00 +0000 UTC
2026/06/18 13:57:44 [DAILY_PLAN] mealsReturned=1
2026/06/18 13:57:44 [DAILY_PLAN] meal=Tofu pudding consumedDate=2026-06-18 00:00:00 +0000 UTC
2026/06/18 13:57:45 [DAILY_PLAN] requestedDate=2026-06-18
2026/06/18 13:57:45 [DAILY_PLAN] queryStart=2026-06-18 00:00:00 +0000 UTC
2026/06/18 13:57:45 [DAILY_PLAN] queryEnd=2026-06-19 00:00:00 +0000 UTC
2026/06/18 13:57:45 [DAILY_PLAN] mealsReturned=1
2026/06/18 13:57:45 [DAILY_PLAN] meal=Tofu pudding consumedDate=2026-06-18 00:00:00 +0000 UTC
2026/06/18 13:58:08 [DAILY_PLAN] requestedDate=2026-06-18
2026/06/18 13:58:08 [DAILY_PLAN] queryStart=2026-06-18 00:00:00 +0000 UTC
2026/06/18 13:58:08 [DAILY_PLAN] queryEnd=2026-06-19 00:00:00 +0000 UTC
2026/06/18 13:58:08 [DAILY_PLAN] mealsReturned=1
2026/06/18 13:58:08 [DAILY_PLAN] meal=Tofu pudding consumedDate=2026-06-18 00:00:00 +0000 UTC
2026/06/18 13:58:10 [DAILY_PLAN] requestedDate=2026-06-18
2026/06/18 13:58:10 [DAILY_PLAN] queryStart=2026-06-18 00:00:00 +0000 UTC
2026/06/18 13:58:10 [DAILY_PLAN] queryEnd=2026-06-19 00:00:00 +0000 UTC
2026/06/18 13:58:10 [DAILY_PLAN] mealsReturned=1
2026/06/18 13:58:10 [DAILY_PLAN] meal=Tofu pudding consumedDate=2026-06-18 00:00:00 +0000 UTC
2026/06/18 13:58:38 [DAILY_PLAN] requestedDate=2026-06-18
2026/06/18 13:58:38 [DAILY_PLAN] queryStart=2026-06-18 00:00:00 +0000 UTC
2026/06/18 13:58:38 [DAILY_PLAN] queryEnd=2026-06-19 00:00:00 +0000 UTC
2026/06/18 13:58:38 [DAILY_PLAN] mealsReturned=1
2026/06/18 13:58:38 [DAILY_PLAN] meal=Tofu pudding consumedDate=2026-06-18 00:00:00 +0000 UTC
2026/06/18 14:34:10 [DAILY_PLAN] requestedDate=2026-06-18
2026/06/18 14:34:10 [DAILY_PLAN] queryStart=2026-06-18 00:00:00 +0000 UTC
2026/06/18 14:34:10 [DAILY_PLAN] queryEnd=2026-06-19 00:00:00 +0000 UTC
2026/06/18 14:34:10 [DAILY_PLAN] mealsReturned=1
2026/06/18 14:34:10 [DAILY_PLAN] meal=Tofu pudding consumedDate=2026-06-18 00:00:00 +0000 UTC
2026/06/18 14:35:44 [WATER] handler entered
2026/06/18 14:35:44 [WATER] raw body={"amount_ml":250,"source":"glass"}
2026/06/18 14:35:44 [DAILY_PLAN] requestedDate=2026-06-18
2026/06/18 14:35:44 [DAILY_PLAN] queryStart=2026-06-18 00:00:00 +0000 UTC
2026/06/18 14:35:44 [DAILY_PLAN] queryEnd=2026-06-19 00:00:00 +0000 UTC
2026/06/18 14:35:44 [DAILY_PLAN] mealsReturned=1
2026/06/18 14:35:44 [DAILY_PLAN] meal=Tofu pudding consumedDate=2026-06-18 00:00:00 +0000 UTC
2026/06/18 14:35:44 [WATER] handler entered
2026/06/18 14:35:44 [WATER] raw body={"amount_ml":250,"source":"glass"}
2026/06/18 14:35:44 [DAILY_PLAN] requestedDate=2026-06-18
2026/06/18 14:35:44 [DAILY_PLAN] queryStart=2026-06-18 00:00:00 +0000 UTC
2026/06/18 14:35:44 [DAILY_PLAN] queryEnd=2026-06-19 00:00:00 +0000 UTC
2026/06/18 14:35:44 [DAILY_PLAN] mealsReturned=1
2026/06/18 14:35:44 [DAILY_PLAN] meal=Tofu pudding consumedDate=2026-06-18 00:00:00 +0000 UTC
2026/06/18 14:35:44 [WATER] handler entered
2026/06/18 14:35:44 [WATER] raw body={"amount_ml":250,"source":"glass"}
2026/06/18 14:35:45 [DAILY_PLAN] requestedDate=2026-06-18
2026/06/18 14:35:45 [DAILY_PLAN] queryStart=2026-06-18 00:00:00 +0000 UTC
2026/06/18 14:35:45 [DAILY_PLAN] queryEnd=2026-06-19 00:00:00 +0000 UTC
2026/06/18 14:35:45 [DAILY_PLAN] mealsReturned=1
2026/06/18 14:35:45 [DAILY_PLAN] meal=Tofu pudding consumedDate=2026-06-18 00:00:00 +0000 UTC
2026/06/18 14:35:45 [WATER] handler entered
2026/06/18 14:35:45 [WATER] raw body={"amount_ml":250,"source":"glass"}
2026/06/18 14:35:45 [DAILY_PLAN] requestedDate=2026-06-18
2026/06/18 14:35:45 [DAILY_PLAN] queryStart=2026-06-18 00:00:00 +0000 UTC
2026/06/18 14:35:45 [DAILY_PLAN] queryEnd=2026-06-19 00:00:00 +0000 UTC
2026/06/18 14:35:45 [DAILY_PLAN] mealsReturned=1
2026/06/18 14:35:45 [DAILY_PLAN] meal=Tofu pudding consumedDate=2026-06-18 00:00:00 +0000 UTC
2026/06/18 14:35:45 [WATER] handler entered
2026/06/18 14:35:45 [WATER] raw body={"amount_ml":250,"source":"glass"}
2026/06/18 14:35:45 [WATER] handler entered
2026/06/18 14:35:45 [WATER] raw body={"amount_ml":250,"source":"glass"}
2026/06/18 14:35:45 [DAILY_PLAN] requestedDate=2026-06-18
2026/06/18 14:35:45 [DAILY_PLAN] queryStart=2026-06-18 00:00:00 +0000 UTC
2026/06/18 14:35:45 [DAILY_PLAN] queryEnd=2026-06-19 00:00:00 +0000 UTC
2026/06/18 14:35:45 [DAILY_PLAN] mealsReturned=1
2026/06/18 14:35:45 [DAILY_PLAN] meal=Tofu pudding consumedDate=2026-06-18 00:00:00 +0000 UTC
2026/06/18 14:35:45 [WATER] handler entered
2026/06/18 14:35:45 [WATER] raw body={"amount_ml":250,"source":"glass"}
2026/06/18 14:35:45 [DAILY_PLAN] requestedDate=2026-06-18
2026/06/18 14:35:45 [DAILY_PLAN] queryStart=2026-06-18 00:00:00 +0000 UTC
2026/06/18 14:35:45 [DAILY_PLAN] queryEnd=2026-06-19 00:00:00 +0000 UTC
2026/06/18 14:35:45 [DAILY_PLAN] mealsReturned=1
2026/06/18 14:35:45 [DAILY_PLAN] meal=Tofu pudding consumedDate=2026-06-18 00:00:00 +0000 UTC
2026/06/18 14:35:45 [WATER] handler entered
2026/06/18 14:35:45 [WATER] raw body={"amount_ml":250,"source":"glass"}
2026/06/18 14:35:45 [WATER] handler entered
2026/06/18 14:35:45 [WATER] raw body={"amount_ml":250,"source":"glass"}
2026/06/18 14:35:45 [DAILY_PLAN] requestedDate=2026-06-18
2026/06/18 14:35:45 [DAILY_PLAN] queryStart=2026-06-18 00:00:00 +0000 UTC
2026/06/18 14:35:45 [DAILY_PLAN] queryEnd=2026-06-19 00:00:00 +0000 UTC
2026/06/18 14:35:45 [DAILY_PLAN] mealsReturned=1
2026/06/18 14:35:45 [DAILY_PLAN] meal=Tofu pudding consumedDate=2026-06-18 00:00:00 +0000 UTC
2026/06/18 14:35:45 [WATER] handler entered
2026/06/18 14:35:45 [WATER] raw body={"amount_ml":250,"source":"glass"}
2026/06/18 14:35:46 [DAILY_PLAN] requestedDate=2026-06-18
2026/06/18 14:35:46 [DAILY_PLAN] queryStart=2026-06-18 00:00:00 +0000 UTC
2026/06/18 14:35:46 [DAILY_PLAN] queryEnd=2026-06-19 00:00:00 +0000 UTC
2026/06/18 14:35:46 [DAILY_PLAN] mealsReturned=1
2026/06/18 14:35:46 [DAILY_PLAN] meal=Tofu pudding consumedDate=2026-06-18 00:00:00 +0000 UTC
2026/06/18 14:35:46 [WATER] handler entered
2026/06/18 14:35:46 [WATER] raw body={"amount_ml":250,"source":"glass"}
2026/06/18 14:35:46 [DAILY_PLAN] requestedDate=2026-06-18
2026/06/18 14:35:46 [DAILY_PLAN] queryStart=2026-06-18 00:00:00 +0000 UTC
2026/06/18 14:35:46 [DAILY_PLAN] queryEnd=2026-06-19 00:00:00 +0000 UTC
2026/06/18 14:35:46 [DAILY_PLAN] mealsReturned=1
2026/06/18 14:35:46 [DAILY_PLAN] meal=Tofu pudding consumedDate=2026-06-18 00:00:00 +0000 UTC
2026/06/18 14:35:49 [WATER] handler entered
2026/06/18 14:35:49 [WATER] raw body={"amount_ml":150,"source":"cup"}
2026/06/18 14:35:49 [DAILY_PLAN] requestedDate=2026-06-18
2026/06/18 14:35:49 [DAILY_PLAN] queryStart=2026-06-18 00:00:00 +0000 UTC
2026/06/18 14:35:49 [DAILY_PLAN] queryEnd=2026-06-19 00:00:00 +0000 UTC
2026/06/18 14:35:49 [DAILY_PLAN] mealsReturned=1
2026/06/18 14:35:49 [DAILY_PLAN] meal=Tofu pudding consumedDate=2026-06-18 00:00:00 +0000 UTC
2026/06/18 14:35:49 [WATER] handler entered
2026/06/18 14:35:49 [WATER] raw body={"amount_ml":150,"source":"cup"}
2026/06/18 14:35:49 [DAILY_PLAN] requestedDate=2026-06-18
2026/06/18 14:35:49 [DAILY_PLAN] queryStart=2026-06-18 00:00:00 +0000 UTC
2026/06/18 14:35:49 [DAILY_PLAN] queryEnd=2026-06-19 00:00:00 +0000 UTC
2026/06/18 14:35:49 [DAILY_PLAN] mealsReturned=1
2026/06/18 14:35:49 [DAILY_PLAN] meal=Tofu pudding consumedDate=2026-06-18 00:00:00 +0000 UTC
2026/06/18 14:35:49 [WATER] handler entered
2026/06/18 14:35:49 [WATER] raw body={"amount_ml":150,"source":"cup"}
2026/06/18 14:35:49 [DAILY_PLAN] requestedDate=2026-06-18
2026/06/18 14:35:49 [DAILY_PLAN] queryStart=2026-06-18 00:00:00 +0000 UTC
2026/06/18 14:35:49 [DAILY_PLAN] queryEnd=2026-06-19 00:00:00 +0000 UTC
2026/06/18 14:35:49 [DAILY_PLAN] mealsReturned=1
2026/06/18 14:35:49 [DAILY_PLAN] meal=Tofu pudding consumedDate=2026-06-18 00:00:00 +0000 UTC
2026/06/18 14:35:50 [WATER] handler entered
2026/06/18 14:35:50 [WATER] raw body={"amount_ml":150,"source":"cup"}
2026/06/18 14:35:50 [DAILY_PLAN] requestedDate=2026-06-18
2026/06/18 14:35:50 [DAILY_PLAN] queryStart=2026-06-18 00:00:00 +0000 UTC
2026/06/18 14:35:50 [DAILY_PLAN] queryEnd=2026-06-19 00:00:00 +0000 UTC
2026/06/18 14:35:50 [DAILY_PLAN] mealsReturned=1
2026/06/18 14:35:50 [DAILY_PLAN] meal=Tofu pudding consumedDate=2026-06-18 00:00:00 +0000 UTC
2026/06/18 14:35:50 [WATER] handler entered
2026/06/18 14:35:50 [WATER] raw body={"amount_ml":150,"source":"cup"}
2026/06/18 14:35:50 [DAILY_PLAN] requestedDate=2026-06-18
2026/06/18 14:35:50 [DAILY_PLAN] queryStart=2026-06-18 00:00:00 +0000 UTC
2026/06/18 14:35:50 [DAILY_PLAN] queryEnd=2026-06-19 00:00:00 +0000 UTC
2026/06/18 14:35:50 [DAILY_PLAN] mealsReturned=1
2026/06/18 14:35:50 [DAILY_PLAN] meal=Tofu pudding consumedDate=2026-06-18 00:00:00 +0000 UTC
2026/06/18 14:36:34 [SearchFoods] KG Cache MISS for 50 foods -> calling AI Server
2026/06/18 14:36:34 [SearchFoods] KG Enrichment failed: feature unavailable in current API version
2026/06/18 14:38:39 [workout] Serving 2 local exercises for BodyParts="chest"
2026/06/18 14:38:41 [workout] Serving local exercise detail for ExerciseID="local-chest-push-up"
2026/06/18 14:41:44 [DAILY_PLAN] requestedDate=2026-06-18
2026/06/18 14:41:44 [DAILY_PLAN] queryStart=2026-06-18 00:00:00 +0000 UTC
2026/06/18 14:41:44 [DAILY_PLAN] queryEnd=2026-06-19 00:00:00 +0000 UTC
2026/06/18 14:41:44 [DAILY_PLAN] mealsReturned=1
2026/06/18 14:41:44 [DAILY_PLAN] meal=Tofu pudding consumedDate=2026-06-18 00:00:00 +0000 UTC
2026/06/18 14:46:23 [DAILY_PLAN] requestedDate=2026-06-18
2026/06/18 14:46:23 [DAILY_PLAN] queryStart=2026-06-18 00:00:00 +0000 UTC
2026/06/18 14:46:23 [DAILY_PLAN] queryEnd=2026-06-19 00:00:00 +0000 UTC
2026/06/18 14:46:23 [DAILY_PLAN] mealsReturned=0
2026/06/18 14:46:23 [DAILY_PLAN] requestedDate=2026-06-18
2026/06/18 14:46:23 [DAILY_PLAN] queryStart=2026-06-18 00:00:00 +0000 UTC
2026/06/18 14:46:23 [DAILY_PLAN] queryEnd=2026-06-19 00:00:00 +0000 UTC
2026/06/18 14:46:23 [DAILY_PLAN] mealsReturned=0
2026/06/18 14:46:52 [DAILY_PLAN] requestedDate=2026-06-18
2026/06/18 14:46:52 [DAILY_PLAN] queryStart=2026-06-18 00:00:00 +0000 UTC
2026/06/18 14:46:52 [DAILY_PLAN] queryEnd=2026-06-19 00:00:00 +0000 UTC
2026/06/18 14:46:52 [DAILY_PLAN] mealsReturned=0
2026/06/18 14:47:08 [DAILY_PLAN] requestedDate=2026-06-18
2026/06/18 14:47:08 [DAILY_PLAN] queryStart=2026-06-18 00:00:00 +0000 UTC
2026/06/18 14:47:08 [DAILY_PLAN] queryEnd=2026-06-19 00:00:00 +0000 UTC
2026/06/18 14:47:08 [DAILY_PLAN] mealsReturned=0
2026/06/18 14:47:14 [DAILY_PLAN] requestedDate=2026-06-18
2026/06/18 14:47:14 [DAILY_PLAN] queryStart=2026-06-18 00:00:00 +0000 UTC
2026/06/18 14:47:14 [DAILY_PLAN] queryEnd=2026-06-19 00:00:00 +0000 UTC
2026/06/18 14:47:14 [DAILY_PLAN] mealsReturned=0
2026/06/18 14:49:22 [DAILY_PLAN] requestedDate=2026-06-18
2026/06/18 14:49:22 [DAILY_PLAN] queryStart=2026-06-18 00:00:00 +0000 UTC
2026/06/18 14:49:22 [DAILY_PLAN] queryEnd=2026-06-19 00:00:00 +0000 UTC
2026/06/18 14:49:22 [DAILY_PLAN] mealsReturned=0
2026/06/18 14:49:28 [DAILY_PLAN] requestedDate=2026-06-18
2026/06/18 14:49:28 [DAILY_PLAN] queryStart=2026-06-18 00:00:00 +0000 UTC
2026/06/18 14:49:28 [DAILY_PLAN] queryEnd=2026-06-19 00:00:00 +0000 UTC
2026/06/18 14:49:28 [DAILY_PLAN] mealsReturned=0
2026/06/18 16:48:40 [Server] Shutdown signal received. Draining active connections...
2026/06/18 16:48:40 [Server] Database connection closed.
2026/06/18 16:48:40 [Server] Redis connection closed.
2026/06/18 16:48:40 [Server] Shutdown complete. Goodbye!
