2026/06/13 18:38:06 WARNING: GOOGLE_CLIENT_ID not set. Google Sign-In verification may fail.
2026/06/13 18:38:06 WARNING: ALLOWED_ORIGINS not set. Defaulting to localhost origins.
2026/06/13 18:38:07 [Migrations] Running explicit migration: 001_add_timezone_to_users.sql
2026/06/13 18:38:07 [Migrations] Running explicit migration: 002_create_daily_health_snapshots.sql
2026/06/13 18:38:07 [Migrations] Running explicit migration: 003_create_user_streaks.sql
2026/06/13 18:38:07 [Migrations] Running explicit migration: 004_create_user_achievements.sql
2026/06/13 18:38:07 [Migrations] Running explicit migration: 005_normalize_pho_thin_nutrition.sql
2026/06/13 18:38:08 [Seeder] Food table already has 10261 rows; checking missing slices
2026/06/13 18:38:08 [Seeder] VFA already has 853 rows
2026/06/13 18:38:08 [Seeder] VFA_DISH already has 1250 rows
2026/06/13 18:38:08 [Seeder] USDA already has 8158 rows
2026/06/13 18:38:08 [Seeder] DRIs already has 6 rows
2026/06/13 18:38:08 MET Seeder Success: Upserted 1012 activities
2026/06/13 18:38:08 [Database] Successfully connected to Redis at localhost:6379
2026/06/13 18:38:08 [SRE] KG target: localhost:50051
2026/06/13 18:38:08 [SRE] CV target: localhost:50052
2026/06/13 18:38:08 NutriX Server starting on port :8083
2026/06/13 18:38:33 [CV] EstimateNutrition upload filename=pho.png multipart_size=129570 bytes_read=129570 detected_type=image/webp
2026/06/13 18:38:35 [gRPC] AI Success | ReqID: afbc1924-cac8-4369-acb3-bdea06ac7d4c | Latency: 1952.68ms | Label: pho (1.00) | Volume: 290.56 cm³ | VolumeConf: 0.00 | Mass: 305.09g
2026/06/13 18:38:35 [CV] AI label resolved via stable catalog code label=pho code=vfa_dish_SFF-112002 food_id=e0f0ad97-b69f-4b6b-849a-85a1b437e862 name=Pho Thin
2026/06/13 18:38:35 [CV] EstimateNutrition success filename=pho.png food_id=e0f0ad97-b69f-4b6b-849a-85a1b437e862 name=Pho Thin quantity_grams=305.09 method=nutrition5k_depth_anything
redis: 2026/06/13 18:41:49 pool.go:617: redis: connection pool: failed to dial after 5 attempts: dial tcp [::1]:6379: connectex: No connection could be made because the target machine actively refused it.
redis: 2026/06/13 18:41:49 pool.go:617: redis: connection pool: failed to dial after 5 attempts: dial tcp [::1]:6379: connectex: No connection could be made because the target machine actively refused it.
2026/06/13 18:41:53 [Server] Shutdown signal received. Draining active connections...
2026/06/13 18:41:53 [Server] Database connection closed.
2026/06/13 18:41:53 [Server] Redis connection closed.
2026/06/13 18:41:53 [Server] Shutdown complete. Goodbye!
